Compiling the C compiler identification source file "CMakeCCompilerId.c" failed.
Compiler: /Applications/Xcode.app/Contents/Developer/Toolchains/XcodeDefault.xctoolchain/usr/bin/cc 
Build flags: 
Id flags:  

The output was:
1
ld: library not found for -lSystem
clang: error: linker command failed with exit code 1 (use -v to see invocation)


Compiling the CXX compiler identification source file "CMakeCXXCompilerId.cpp" failed.
Compiler: /Applications/Xcode.app/Contents/Developer/Toolchains/XcodeDefault.xctoolchain/usr/bin/c++ 
Build flags: 
Id flags:  

The output was:
1
ld: library not found for -lc++
clang: error: linker command failed with exit code 1 (use -v to see invocation)


Checking whether the ASM compiler is GNU using "--version" did not match "(GNU assembler)|(GCC)|(Free Software Foundation)":
Apple clang version 13.1.6 (clang-1316.0.21.2.5)
Target: x86_64-apple-darwin21.5.0
Thread model: posix
InstalledDir: /Applications/Xcode.app/Contents/Developer/Toolchains/XcodeDefault.xctoolchain/usr/bin
Determining if the include file link.h exists failed with the following output:
Change Dir: /Users/lijun/llvm/OLLVM-9.0.1/build/CMakeFiles/CMakeTmp

Run Build Command(s):/usr/bin/make -f Makefile cmTC_8024e/fast && /Applications/Xcode.app/Contents/Developer/usr/bin/make  -f CMakeFiles/cmTC_8024e.dir/build.make CMakeFiles/cmTC_8024e.dir/build
Building C object CMakeFiles/cmTC_8024e.dir/CheckIncludeFile.c.o
/Applications/Xcode.app/Contents/Developer/Toolchains/XcodeDefault.xctoolchain/usr/bin/cc   -isysroot /Applications/Xcode.app/Contents/Developer/Platforms/MacOSX.platform/Developer/SDKs/MacOSX12.3.sdk -MD -MT CMakeFiles/cmTC_8024e.dir/CheckIncludeFile.c.o -MF CMakeFiles/cmTC_8024e.dir/CheckIncludeFile.c.o.d -o CMakeFiles/cmTC_8024e.dir/CheckIncludeFile.c.o -c /Users/lijun/llvm/OLLVM-9.0.1/build/CMakeFiles/CMakeTmp/CheckIncludeFile.c
/Users/lijun/llvm/OLLVM-9.0.1/build/CMakeFiles/CMakeTmp/CheckIncludeFile.c:1:10: fatal error: 'link.h' file not found
#include <link.h>
         ^~~~~~~~
1 error generated.
make[1]: *** [CMakeFiles/cmTC_8024e.dir/CheckIncludeFile.c.o] Error 1
make: *** [cmTC_8024e/fast] Error 2



Determining if the include file valgrind/valgrind.h exists failed with the following output:
Change Dir: /Users/lijun/llvm/OLLVM-9.0.1/build/CMakeFiles/CMakeTmp

Run Build Command(s):/usr/bin/make -f Makefile cmTC_935dd/fast && /Applications/Xcode.app/Contents/Developer/usr/bin/make  -f CMakeFiles/cmTC_935dd.dir/build.make CMakeFiles/cmTC_935dd.dir/build
Building C object CMakeFiles/cmTC_935dd.dir/CheckIncludeFile.c.o
/Applications/Xcode.app/Contents/Developer/Toolchains/XcodeDefault.xctoolchain/usr/bin/cc   -isysroot /Applications/Xcode.app/Contents/Developer/Platforms/MacOSX.platform/Developer/SDKs/MacOSX12.3.sdk -MD -MT CMakeFiles/cmTC_935dd.dir/CheckIncludeFile.c.o -MF CMakeFiles/cmTC_935dd.dir/CheckIncludeFile.c.o.d -o CMakeFiles/cmTC_935dd.dir/CheckIncludeFile.c.o -c /Users/lijun/llvm/OLLVM-9.0.1/build/CMakeFiles/CMakeTmp/CheckIncludeFile.c
/Users/lijun/llvm/OLLVM-9.0.1/build/CMakeFiles/CMakeTmp/CheckIncludeFile.c:1:10: fatal error: 'valgrind/valgrind.h' file not found
#include <valgrind/valgrind.h>
         ^~~~~~~~~~~~~~~~~~~~~
1 error generated.
make[1]: *** [CMakeFiles/cmTC_935dd.dir/CheckIncludeFile.c.o] Error 1
make: *** [cmTC_935dd/fast] Error 2



Determining if the include file CrashReporterClient.h exists failed with the following output:
Change Dir: /Users/lijun/llvm/OLLVM-9.0.1/build/CMakeFiles/CMakeTmp

Run Build Command(s):/usr/bin/make -f Makefile cmTC_1d698/fast && /Applications/Xcode.app/Contents/Developer/usr/bin/make  -f CMakeFiles/cmTC_1d698.dir/build.make CMakeFiles/cmTC_1d698.dir/build
Building C object CMakeFiles/cmTC_1d698.dir/CheckIncludeFile.c.o
/Applications/Xcode.app/Contents/Developer/Toolchains/XcodeDefault.xctoolchain/usr/bin/cc   -isysroot /Applications/Xcode.app/Contents/Developer/Platforms/MacOSX.platform/Developer/SDKs/MacOSX12.3.sdk -MD -MT CMakeFiles/cmTC_1d698.dir/CheckIncludeFile.c.o -MF CMakeFiles/cmTC_1d698.dir/CheckIncludeFile.c.o.d -o CMakeFiles/cmTC_1d698.dir/CheckIncludeFile.c.o -c /Users/lijun/llvm/OLLVM-9.0.1/build/CMakeFiles/CMakeTmp/CheckIncludeFile.c
/Users/lijun/llvm/OLLVM-9.0.1/build/CMakeFiles/CMakeTmp/CheckIncludeFile.c:1:10: fatal error: 'CrashReporterClient.h' file not found
#include <CrashReporterClient.h>
         ^~~~~~~~~~~~~~~~~~~~~~~
1 error generated.
make[1]: *** [CMakeFiles/cmTC_1d698.dir/CheckIncludeFile.c.o] Error 1
make: *** [cmTC_1d698/fast] Error 2



Determining if the function clock_gettime exists in the rt failed with the following output:
Change Dir: /Users/lijun/llvm/OLLVM-9.0.1/build/CMakeFiles/CMakeTmp

Run Build Command(s):/usr/bin/make -f Makefile cmTC_e177c/fast && /Applications/Xcode.app/Contents/Developer/usr/bin/make  -f CMakeFiles/cmTC_e177c.dir/build.make CMakeFiles/cmTC_e177c.dir/build
Building C object CMakeFiles/cmTC_e177c.dir/CheckFunctionExists.c.o
/Applications/Xcode.app/Contents/Developer/Toolchains/XcodeDefault.xctoolchain/usr/bin/cc   -DCHECK_FUNCTION_EXISTS=clock_gettime -isysroot /Applications/Xcode.app/Contents/Developer/Platforms/MacOSX.platform/Developer/SDKs/MacOSX12.3.sdk -MD -MT CMakeFiles/cmTC_e177c.dir/CheckFunctionExists.c.o -MF CMakeFiles/cmTC_e177c.dir/CheckFunctionExists.c.o.d -o CMakeFiles/cmTC_e177c.dir/CheckFunctionExists.c.o -c /usr/local/Cellar/cmake/3.22.1/share/cmake/Modules/CheckFunctionExists.c
Linking C executable cmTC_e177c
/usr/local/Cellar/cmake/3.22.1/bin/cmake -E cmake_link_script CMakeFiles/cmTC_e177c.dir/link.txt --verbose=1
/Applications/Xcode.app/Contents/Developer/Toolchains/XcodeDefault.xctoolchain/usr/bin/cc  -DCHECK_FUNCTION_EXISTS=clock_gettime -isysroot /Applications/Xcode.app/Contents/Developer/Platforms/MacOSX.platform/Developer/SDKs/MacOSX12.3.sdk -Wl,-search_paths_first -Wl,-headerpad_max_install_names CMakeFiles/cmTC_e177c.dir/CheckFunctionExists.c.o -o cmTC_e177c  -lrt -lm 
ld: library not found for -lrt
clang: error: linker command failed with exit code 1 (use -v to see invocation)
make[1]: *** [cmTC_e177c] Error 1
make: *** [cmTC_e177c/fast] Error 2



Determining if the function pfm_initialize exists in the pfm failed with the following output:
Change Dir: /Users/lijun/llvm/OLLVM-9.0.1/build/CMakeFiles/CMakeTmp

Run Build Command(s):/usr/bin/make -f Makefile cmTC_5fc8e/fast && /Applications/Xcode.app/Contents/Developer/usr/bin/make  -f CMakeFiles/cmTC_5fc8e.dir/build.make CMakeFiles/cmTC_5fc8e.dir/build
Building C object CMakeFiles/cmTC_5fc8e.dir/CheckFunctionExists.c.o
/Applications/Xcode.app/Contents/Developer/Toolchains/XcodeDefault.xctoolchain/usr/bin/cc   -DCHECK_FUNCTION_EXISTS=pfm_initialize -isysroot /Applications/Xcode.app/Contents/Developer/Platforms/MacOSX.platform/Developer/SDKs/MacOSX12.3.sdk -MD -MT CMakeFiles/cmTC_5fc8e.dir/CheckFunctionExists.c.o -MF CMakeFiles/cmTC_5fc8e.dir/CheckFunctionExists.c.o.d -o CMakeFiles/cmTC_5fc8e.dir/CheckFunctionExists.c.o -c /usr/local/Cellar/cmake/3.22.1/share/cmake/Modules/CheckFunctionExists.c
Linking C executable cmTC_5fc8e
/usr/local/Cellar/cmake/3.22.1/bin/cmake -E cmake_link_script CMakeFiles/cmTC_5fc8e.dir/link.txt --verbose=1
/Applications/Xcode.app/Contents/Developer/Toolchains/XcodeDefault.xctoolchain/usr/bin/cc  -DCHECK_FUNCTION_EXISTS=pfm_initialize -isysroot /Applications/Xcode.app/Contents/Developer/Platforms/MacOSX.platform/Developer/SDKs/MacOSX12.3.sdk -Wl,-search_paths_first -Wl,-headerpad_max_install_names CMakeFiles/cmTC_5fc8e.dir/CheckFunctionExists.c.o -o cmTC_5fc8e  -lpfm -lm 
ld: library not found for -lpfm
clang: error: linker command failed with exit code 1 (use -v to see invocation)
make[1]: *** [cmTC_5fc8e] Error 1
make: *** [cmTC_5fc8e/fast] Error 2



Determining if the function setupterm exists in the terminfo failed with the following output:
Change Dir: /Users/lijun/llvm/OLLVM-9.0.1/build/CMakeFiles/CMakeTmp

Run Build Command(s):/usr/bin/make -f Makefile cmTC_78935/fast && /Applications/Xcode.app/Contents/Developer/usr/bin/make  -f CMakeFiles/cmTC_78935.dir/build.make CMakeFiles/cmTC_78935.dir/build
Building C object CMakeFiles/cmTC_78935.dir/CheckFunctionExists.c.o
/Applications/Xcode.app/Contents/Developer/Toolchains/XcodeDefault.xctoolchain/usr/bin/cc   -DCHECK_FUNCTION_EXISTS=setupterm -isysroot /Applications/Xcode.app/Contents/Developer/Platforms/MacOSX.platform/Developer/SDKs/MacOSX12.3.sdk -MD -MT CMakeFiles/cmTC_78935.dir/CheckFunctionExists.c.o -MF CMakeFiles/cmTC_78935.dir/CheckFunctionExists.c.o.d -o CMakeFiles/cmTC_78935.dir/CheckFunctionExists.c.o -c /usr/local/Cellar/cmake/3.22.1/share/cmake/Modules/CheckFunctionExists.c
Linking C executable cmTC_78935
/usr/local/Cellar/cmake/3.22.1/bin/cmake -E cmake_link_script CMakeFiles/cmTC_78935.dir/link.txt --verbose=1
/Applications/Xcode.app/Contents/Developer/Toolchains/XcodeDefault.xctoolchain/usr/bin/cc  -DCHECK_FUNCTION_EXISTS=setupterm -isysroot /Applications/Xcode.app/Contents/Developer/Platforms/MacOSX.platform/Developer/SDKs/MacOSX12.3.sdk -Wl,-search_paths_first -Wl,-headerpad_max_install_names CMakeFiles/cmTC_78935.dir/CheckFunctionExists.c.o -o cmTC_78935  -lterminfo -lm 
ld: library not found for -lterminfo
clang: error: linker command failed with exit code 1 (use -v to see invocation)
make[1]: *** [cmTC_78935] Error 1
make: *** [cmTC_78935/fast] Error 2



Determining if the function setupterm exists in the tinfo failed with the following output:
Change Dir: /Users/lijun/llvm/OLLVM-9.0.1/build/CMakeFiles/CMakeTmp

Run Build Command(s):/usr/bin/make -f Makefile cmTC_203cc/fast && /Applications/Xcode.app/Contents/Developer/usr/bin/make  -f CMakeFiles/cmTC_203cc.dir/build.make CMakeFiles/cmTC_203cc.dir/build
Building C object CMakeFiles/cmTC_203cc.dir/CheckFunctionExists.c.o
/Applications/Xcode.app/Contents/Developer/Toolchains/XcodeDefault.xctoolchain/usr/bin/cc   -DCHECK_FUNCTION_EXISTS=setupterm -isysroot /Applications/Xcode.app/Contents/Developer/Platforms/MacOSX.platform/Developer/SDKs/MacOSX12.3.sdk -MD -MT CMakeFiles/cmTC_203cc.dir/CheckFunctionExists.c.o -MF CMakeFiles/cmTC_203cc.dir/CheckFunctionExists.c.o.d -o CMakeFiles/cmTC_203cc.dir/CheckFunctionExists.c.o -c /usr/local/Cellar/cmake/3.22.1/share/cmake/Modules/CheckFunctionExists.c
Linking C executable cmTC_203cc
/usr/local/Cellar/cmake/3.22.1/bin/cmake -E cmake_link_script CMakeFiles/cmTC_203cc.dir/link.txt --verbose=1
/Applications/Xcode.app/Contents/Developer/Toolchains/XcodeDefault.xctoolchain/usr/bin/cc  -DCHECK_FUNCTION_EXISTS=setupterm -isysroot /Applications/Xcode.app/Contents/Developer/Platforms/MacOSX.platform/Developer/SDKs/MacOSX12.3.sdk -Wl,-search_paths_first -Wl,-headerpad_max_install_names CMakeFiles/cmTC_203cc.dir/CheckFunctionExists.c.o -o cmTC_203cc  -ltinfo -lm 
ld: library not found for -ltinfo
clang: error: linker command failed with exit code 1 (use -v to see invocation)
make[1]: *** [cmTC_203cc] Error 1
make: *** [cmTC_203cc/fast] Error 2



Determining if the posix_fallocate exist failed with the following output:
Change Dir: /Users/lijun/llvm/OLLVM-9.0.1/build/CMakeFiles/CMakeTmp

Run Build Command(s):/usr/bin/make -f Makefile cmTC_e3176/fast && /Applications/Xcode.app/Contents/Developer/usr/bin/make  -f CMakeFiles/cmTC_e3176.dir/build.make CMakeFiles/cmTC_e3176.dir/build
Building C object CMakeFiles/cmTC_e3176.dir/CheckSymbolExists.c.o
/Applications/Xcode.app/Contents/Developer/Toolchains/XcodeDefault.xctoolchain/usr/bin/cc   -Werror=unguarded-availability-new -isysroot /Applications/Xcode.app/Contents/Developer/Platforms/MacOSX.platform/Developer/SDKs/MacOSX12.3.sdk -MD -MT CMakeFiles/cmTC_e3176.dir/CheckSymbolExists.c.o -MF CMakeFiles/cmTC_e3176.dir/CheckSymbolExists.c.o.d -o CMakeFiles/cmTC_e3176.dir/CheckSymbolExists.c.o -c /Users/lijun/llvm/OLLVM-9.0.1/build/CMakeFiles/CMakeTmp/CheckSymbolExists.c
/Users/lijun/llvm/OLLVM-9.0.1/build/CMakeFiles/CMakeTmp/CheckSymbolExists.c:8:19: error: use of undeclared identifier 'posix_fallocate'
  return ((int*)(&posix_fallocate))[argc];
                  ^
1 error generated.
make[1]: *** [CMakeFiles/cmTC_e3176.dir/CheckSymbolExists.c.o] Error 1
make: *** [cmTC_e3176/fast] Error 2


File /Users/lijun/llvm/OLLVM-9.0.1/build/CMakeFiles/CMakeTmp/CheckSymbolExists.c:
/* */
#include <fcntl.h>

int main(int argc, char** argv)
{
  (void)argv;
#ifndef posix_fallocate
  return ((int*)(&posix_fallocate))[argc];
#else
  (void)argc;
  return 0;
#endif
}
Determining if the lseek64 exist failed with the following output:
Change Dir: /Users/lijun/llvm/OLLVM-9.0.1/build/CMakeFiles/CMakeTmp

Run Build Command(s):/usr/bin/make -f Makefile cmTC_a9b77/fast && /Applications/Xcode.app/Contents/Developer/usr/bin/make  -f CMakeFiles/cmTC_a9b77.dir/build.make CMakeFiles/cmTC_a9b77.dir/build
Building C object CMakeFiles/cmTC_a9b77.dir/CheckSymbolExists.c.o
/Applications/Xcode.app/Contents/Developer/Toolchains/XcodeDefault.xctoolchain/usr/bin/cc -D_LARGEFILE64_SOURCE  -Werror=unguarded-availability-new -isysroot /Applications/Xcode.app/Contents/Developer/Platforms/MacOSX.platform/Developer/SDKs/MacOSX12.3.sdk -MD -MT CMakeFiles/cmTC_a9b77.dir/CheckSymbolExists.c.o -MF CMakeFiles/cmTC_a9b77.dir/CheckSymbolExists.c.o.d -o CMakeFiles/cmTC_a9b77.dir/CheckSymbolExists.c.o -c /Users/lijun/llvm/OLLVM-9.0.1/build/CMakeFiles/CMakeTmp/CheckSymbolExists.c
/Users/lijun/llvm/OLLVM-9.0.1/build/CMakeFiles/CMakeTmp/CheckSymbolExists.c:9:19: error: use of undeclared identifier 'lseek64'; did you mean 'lseek'?
  return ((int*)(&lseek64))[argc];
                  ^~~~~~~
                  lseek
/Applications/Xcode.app/Contents/Developer/Platforms/MacOSX.platform/Developer/SDKs/MacOSX12.3.sdk/usr/include/unistd.h:465:8: note: 'lseek' declared here
off_t    lseek(int, off_t, int);
         ^
1 error generated.
make[1]: *** [CMakeFiles/cmTC_a9b77.dir/CheckSymbolExists.c.o] Error 1
make: *** [cmTC_a9b77/fast] Error 2


File /Users/lijun/llvm/OLLVM-9.0.1/build/CMakeFiles/CMakeTmp/CheckSymbolExists.c:
/* */
#include <sys/types.h>
#include <unistd.h>

int main(int argc, char** argv)
{
  (void)argv;
#ifndef lseek64
  return ((int*)(&lseek64))[argc];
#else
  (void)argc;
  return 0;
#endif
}
Determining if the mallctl exist failed with the following output:
Change Dir: /Users/lijun/llvm/OLLVM-9.0.1/build/CMakeFiles/CMakeTmp

Run Build Command(s):/usr/bin/make -f Makefile cmTC_57777/fast && /Applications/Xcode.app/Contents/Developer/usr/bin/make  -f CMakeFiles/cmTC_57777.dir/build.make CMakeFiles/cmTC_57777.dir/build
Building C object CMakeFiles/cmTC_57777.dir/CheckSymbolExists.c.o
/Applications/Xcode.app/Contents/Developer/Toolchains/XcodeDefault.xctoolchain/usr/bin/cc   -Werror=unguarded-availability-new -isysroot /Applications/Xcode.app/Contents/Developer/Platforms/MacOSX.platform/Developer/SDKs/MacOSX12.3.sdk -MD -MT CMakeFiles/cmTC_57777.dir/CheckSymbolExists.c.o -MF CMakeFiles/cmTC_57777.dir/CheckSymbolExists.c.o.d -o CMakeFiles/cmTC_57777.dir/CheckSymbolExists.c.o -c /Users/lijun/llvm/OLLVM-9.0.1/build/CMakeFiles/CMakeTmp/CheckSymbolExists.c
/Users/lijun/llvm/OLLVM-9.0.1/build/CMakeFiles/CMakeTmp/CheckSymbolExists.c:2:10: fatal error: 'malloc_np.h' file not found
#include <malloc_np.h>
         ^~~~~~~~~~~~~
1 error generated.
make[1]: *** [CMakeFiles/cmTC_57777.dir/CheckSymbolExists.c.o] Error 1
make: *** [cmTC_57777/fast] Error 2


File /Users/lijun/llvm/OLLVM-9.0.1/build/CMakeFiles/CMakeTmp/CheckSymbolExists.c:
/* */
#include <malloc_np.h>

int main(int argc, char** argv)
{
  (void)argv;
#ifndef mallctl
  return ((int*)(&mallctl))[argc];
#else
  (void)argc;
  return 0;
#endif
}
Determining if the mallinfo exist failed with the following output:
Change Dir: /Users/lijun/llvm/OLLVM-9.0.1/build/CMakeFiles/CMakeTmp

Run Build Command(s):/usr/bin/make -f Makefile cmTC_b7947/fast && /Applications/Xcode.app/Contents/Developer/usr/bin/make  -f CMakeFiles/cmTC_b7947.dir/build.make CMakeFiles/cmTC_b7947.dir/build
Building C object CMakeFiles/cmTC_b7947.dir/CheckSymbolExists.c.o
/Applications/Xcode.app/Contents/Developer/Toolchains/XcodeDefault.xctoolchain/usr/bin/cc   -Werror=unguarded-availability-new -isysroot /Applications/Xcode.app/Contents/Developer/Platforms/MacOSX.platform/Developer/SDKs/MacOSX12.3.sdk -MD -MT CMakeFiles/cmTC_b7947.dir/CheckSymbolExists.c.o -MF CMakeFiles/cmTC_b7947.dir/CheckSymbolExists.c.o.d -o CMakeFiles/cmTC_b7947.dir/CheckSymbolExists.c.o -c /Users/lijun/llvm/OLLVM-9.0.1/build/CMakeFiles/CMakeTmp/CheckSymbolExists.c
/Users/lijun/llvm/OLLVM-9.0.1/build/CMakeFiles/CMakeTmp/CheckSymbolExists.c:2:10: fatal error: 'malloc.h' file not found
#include <malloc.h>
         ^~~~~~~~~~
1 error generated.
make[1]: *** [CMakeFiles/cmTC_b7947.dir/CheckSymbolExists.c.o] Error 1
make: *** [cmTC_b7947/fast] Error 2


File /Users/lijun/llvm/OLLVM-9.0.1/build/CMakeFiles/CMakeTmp/CheckSymbolExists.c:
/* */
#include <malloc.h>

int main(int argc, char** argv)
{
  (void)argv;
#ifndef mallinfo
  return ((int*)(&mallinfo))[argc];
#else
  (void)argc;
  return 0;
#endif
}
Determining if the strerror_s exist failed with the following output:
Change Dir: /Users/lijun/llvm/OLLVM-9.0.1/build/CMakeFiles/CMakeTmp

Run Build Command(s):/usr/bin/make -f Makefile cmTC_76e7e/fast && /Applications/Xcode.app/Contents/Developer/usr/bin/make  -f CMakeFiles/cmTC_76e7e.dir/build.make CMakeFiles/cmTC_76e7e.dir/build
Building C object CMakeFiles/cmTC_76e7e.dir/CheckSymbolExists.c.o
/Applications/Xcode.app/Contents/Developer/Toolchains/XcodeDefault.xctoolchain/usr/bin/cc   -Werror=unguarded-availability-new -isysroot /Applications/Xcode.app/Contents/Developer/Platforms/MacOSX.platform/Developer/SDKs/MacOSX12.3.sdk -MD -MT CMakeFiles/cmTC_76e7e.dir/CheckSymbolExists.c.o -MF CMakeFiles/cmTC_76e7e.dir/CheckSymbolExists.c.o.d -o CMakeFiles/cmTC_76e7e.dir/CheckSymbolExists.c.o -c /Users/lijun/llvm/OLLVM-9.0.1/build/CMakeFiles/CMakeTmp/CheckSymbolExists.c
/Users/lijun/llvm/OLLVM-9.0.1/build/CMakeFiles/CMakeTmp/CheckSymbolExists.c:8:19: error: use of undeclared identifier 'strerror_s'; did you mean 'strerror_r'?
  return ((int*)(&strerror_s))[argc];
                  ^~~~~~~~~~
                  strerror_r
/Applications/Xcode.app/Contents/Developer/Platforms/MacOSX.platform/Developer/SDKs/MacOSX12.3.sdk/usr/include/string.h:116:6: note: 'strerror_r' declared here
int      strerror_r(int __errnum, char *__strerrbuf, size_t __buflen);
         ^
1 error generated.
make[1]: *** [CMakeFiles/cmTC_76e7e.dir/CheckSymbolExists.c.o] Error 1
make: *** [cmTC_76e7e/fast] Error 2


File /Users/lijun/llvm/OLLVM-9.0.1/build/CMakeFiles/CMakeTmp/CheckSymbolExists.c:
/* */
#include <string.h>

int main(int argc, char** argv)
{
  (void)argv;
#ifndef strerror_s
  return ((int*)(&strerror_s))[argc];
#else
  (void)argc;
  return 0;
#endif
}
Performing C SOURCE FILE Test HAVE_STRUCT_STAT_ST_MTIM_TV_NSEC failed with the following output:
Change Dir: /Users/lijun/llvm/OLLVM-9.0.1/build/CMakeFiles/CMakeTmp

Run Build Command(s):/usr/bin/make -f Makefile cmTC_85266/fast && /Applications/Xcode.app/Contents/Developer/usr/bin/make  -f CMakeFiles/cmTC_85266.dir/build.make CMakeFiles/cmTC_85266.dir/build
Building C object CMakeFiles/cmTC_85266.dir/src.c.o
/Applications/Xcode.app/Contents/Developer/Toolchains/XcodeDefault.xctoolchain/usr/bin/cc -DHAVE_STRUCT_STAT_ST_MTIM_TV_NSEC  -Werror=unguarded-availability-new -isysroot /Applications/Xcode.app/Contents/Developer/Platforms/MacOSX.platform/Developer/SDKs/MacOSX12.3.sdk -MD -MT CMakeFiles/cmTC_85266.dir/src.c.o -MF CMakeFiles/cmTC_85266.dir/src.c.o.d -o CMakeFiles/cmTC_85266.dir/src.c.o -c /Users/lijun/llvm/OLLVM-9.0.1/build/CMakeFiles/CMakeTmp/src.c
/Users/lijun/llvm/OLLVM-9.0.1/build/CMakeFiles/CMakeTmp/src.c:7:36: error: no member named 'st_mtim' in 'struct stat'
  (void)sizeof(((struct stat *)0)->st_mtim.tv_nsec);
               ~~~~~~~~~~~~~~~~~~  ^
1 error generated.
make[1]: *** [CMakeFiles/cmTC_85266.dir/src.c.o] Error 1
make: *** [cmTC_85266/fast] Error 2


Source file was:

#include <sys/types.h>
#include <sys/stat.h>

int main()
{
  (void)sizeof(((struct stat *)0)->st_mtim.tv_nsec);
  return 0;
}

Determining if the __GLIBC__ exist failed with the following output:
Change Dir: /Users/lijun/llvm/OLLVM-9.0.1/build/CMakeFiles/CMakeTmp

Run Build Command(s):/usr/bin/make -f Makefile cmTC_d2632/fast && /Applications/Xcode.app/Contents/Developer/usr/bin/make  -f CMakeFiles/cmTC_d2632.dir/build.make CMakeFiles/cmTC_d2632.dir/build
Building C object CMakeFiles/cmTC_d2632.dir/CheckSymbolExists.c.o
/Applications/Xcode.app/Contents/Developer/Toolchains/XcodeDefault.xctoolchain/usr/bin/cc   -Werror=unguarded-availability-new -isysroot /Applications/Xcode.app/Contents/Developer/Platforms/MacOSX.platform/Developer/SDKs/MacOSX12.3.sdk -MD -MT CMakeFiles/cmTC_d2632.dir/CheckSymbolExists.c.o -MF CMakeFiles/cmTC_d2632.dir/CheckSymbolExists.c.o.d -o CMakeFiles/cmTC_d2632.dir/CheckSymbolExists.c.o -c /Users/lijun/llvm/OLLVM-9.0.1/build/CMakeFiles/CMakeTmp/CheckSymbolExists.c
/Users/lijun/llvm/OLLVM-9.0.1/build/CMakeFiles/CMakeTmp/CheckSymbolExists.c:8:19: error: use of undeclared identifier '__GLIBC__'
  return ((int*)(&__GLIBC__))[argc];
                  ^
1 error generated.
make[1]: *** [CMakeFiles/cmTC_d2632.dir/CheckSymbolExists.c.o] Error 1
make: *** [cmTC_d2632/fast] Error 2


File /Users/lijun/llvm/OLLVM-9.0.1/build/CMakeFiles/CMakeTmp/CheckSymbolExists.c:
/* */
#include <stdio.h>

int main(int argc, char** argv)
{
  (void)argv;
#ifndef __GLIBC__
  return ((int*)(&__GLIBC__))[argc];
#else
  (void)argc;
  return 0;
#endif
}
Determining if the sched_getaffinity exist failed with the following output:
Change Dir: /Users/lijun/llvm/OLLVM-9.0.1/build/CMakeFiles/CMakeTmp

Run Build Command(s):/usr/bin/make -f Makefile cmTC_6b58c/fast && /Applications/Xcode.app/Contents/Developer/usr/bin/make  -f CMakeFiles/cmTC_6b58c.dir/build.make CMakeFiles/cmTC_6b58c.dir/build
Building C object CMakeFiles/cmTC_6b58c.dir/CheckSymbolExists.c.o
/Applications/Xcode.app/Contents/Developer/Toolchains/XcodeDefault.xctoolchain/usr/bin/cc   -Werror=unguarded-availability-new -isysroot /Applications/Xcode.app/Contents/Developer/Platforms/MacOSX.platform/Developer/SDKs/MacOSX12.3.sdk -MD -MT CMakeFiles/cmTC_6b58c.dir/CheckSymbolExists.c.o -MF CMakeFiles/cmTC_6b58c.dir/CheckSymbolExists.c.o.d -o CMakeFiles/cmTC_6b58c.dir/CheckSymbolExists.c.o -c /Users/lijun/llvm/OLLVM-9.0.1/build/CMakeFiles/CMakeTmp/CheckSymbolExists.c
/Users/lijun/llvm/OLLVM-9.0.1/build/CMakeFiles/CMakeTmp/CheckSymbolExists.c:8:19: error: use of undeclared identifier 'sched_getaffinity'
  return ((int*)(&sched_getaffinity))[argc];
                  ^
1 error generated.
make[1]: *** [CMakeFiles/cmTC_6b58c.dir/CheckSymbolExists.c.o] Error 1
make: *** [cmTC_6b58c/fast] Error 2


File /Users/lijun/llvm/OLLVM-9.0.1/build/CMakeFiles/CMakeTmp/CheckSymbolExists.c:
/* */
#include <sched.h>

int main(int argc, char** argv)
{
  (void)argv;
#ifndef sched_getaffinity
  return ((int*)(&sched_getaffinity))[argc];
#else
  (void)argc;
  return 0;
#endif
}
Determining if the CPU_COUNT exist failed with the following output:
Change Dir: /Users/lijun/llvm/OLLVM-9.0.1/build/CMakeFiles/CMakeTmp

Run Build Command(s):/usr/bin/make -f Makefile cmTC_d9af5/fast && /Applications/Xcode.app/Contents/Developer/usr/bin/make  -f CMakeFiles/cmTC_d9af5.dir/build.make CMakeFiles/cmTC_d9af5.dir/build
Building C object CMakeFiles/cmTC_d9af5.dir/CheckSymbolExists.c.o
/Applications/Xcode.app/Contents/Developer/Toolchains/XcodeDefault.xctoolchain/usr/bin/cc   -Werror=unguarded-availability-new -isysroot /Applications/Xcode.app/Contents/Developer/Platforms/MacOSX.platform/Developer/SDKs/MacOSX12.3.sdk -MD -MT CMakeFiles/cmTC_d9af5.dir/CheckSymbolExists.c.o -MF CMakeFiles/cmTC_d9af5.dir/CheckSymbolExists.c.o.d -o CMakeFiles/cmTC_d9af5.dir/CheckSymbolExists.c.o -c /Users/lijun/llvm/OLLVM-9.0.1/build/CMakeFiles/CMakeTmp/CheckSymbolExists.c
/Users/lijun/llvm/OLLVM-9.0.1/build/CMakeFiles/CMakeTmp/CheckSymbolExists.c:8:19: error: use of undeclared identifier 'CPU_COUNT'
  return ((int*)(&CPU_COUNT))[argc];
                  ^
1 error generated.
make[1]: *** [CMakeFiles/cmTC_d9af5.dir/CheckSymbolExists.c.o] Error 1
make: *** [cmTC_d9af5/fast] Error 2


File /Users/lijun/llvm/OLLVM-9.0.1/build/CMakeFiles/CMakeTmp/CheckSymbolExists.c:
/* */
#include <sched.h>

int main(int argc, char** argv)
{
  (void)argv;
#ifndef CPU_COUNT
  return ((int*)(&CPU_COUNT))[argc];
#else
  (void)argc;
  return 0;
#endif
}
Performing C++ SOURCE FILE Test CXX_SUPPORTS_CLASS_MEMACCESS_FLAG failed with the following output:
Change Dir: /Users/lijun/llvm/OLLVM-9.0.1/build/CMakeFiles/CMakeTmp

Run Build Command(s):/usr/bin/make -f Makefile cmTC_06ed4/fast && /Applications/Xcode.app/Contents/Developer/usr/bin/make  -f CMakeFiles/cmTC_06ed4.dir/build.make CMakeFiles/cmTC_06ed4.dir/build
Building CXX object CMakeFiles/cmTC_06ed4.dir/src.cxx.o
/Applications/Xcode.app/Contents/Developer/Toolchains/XcodeDefault.xctoolchain/usr/bin/c++ -DCXX_SUPPORTS_CLASS_MEMACCESS_FLAG  -fPIC -fvisibility-inlines-hidden -Werror=date-time -Werror=unguarded-availability-new -std=c++11 -Wall -Wextra -Wno-unused-parameter -Wwrite-strings -Wcast-qual -Wmissing-field-initializers -pedantic -Wno-long-long -Wimplicit-fallthrough -Wcovered-switch-default  -Werror=unguarded-availability-new -isysroot /Applications/Xcode.app/Contents/Developer/Platforms/MacOSX.platform/Developer/SDKs/MacOSX12.3.sdk   -Wclass-memaccess -MD -MT CMakeFiles/cmTC_06ed4.dir/src.cxx.o -MF CMakeFiles/cmTC_06ed4.dir/src.cxx.o.d -o CMakeFiles/cmTC_06ed4.dir/src.cxx.o -c /Users/lijun/llvm/OLLVM-9.0.1/build/CMakeFiles/CMakeTmp/src.cxx
warning: unknown warning option '-Wclass-memaccess'; did you mean '-Wclass-varargs'? [-Wunknown-warning-option]
1 warning generated.
Linking CXX executable cmTC_06ed4
/usr/local/Cellar/cmake/3.22.1/bin/cmake -E cmake_link_script CMakeFiles/cmTC_06ed4.dir/link.txt --verbose=1
/Applications/Xcode.app/Contents/Developer/Toolchains/XcodeDefault.xctoolchain/usr/bin/c++  -fPIC -fvisibility-inlines-hidden -Werror=date-time -Werror=unguarded-availability-new -std=c++11 -Wall -Wextra -Wno-unused-parameter -Wwrite-strings -Wcast-qual -Wmissing-field-initializers -pedantic -Wno-long-long -Wimplicit-fallthrough -Wcovered-switch-default  -Werror=unguarded-availability-new -isysroot /Applications/Xcode.app/Contents/Developer/Platforms/MacOSX.platform/Developer/SDKs/MacOSX12.3.sdk -Wl,-search_paths_first -Wl,-headerpad_max_install_names CMakeFiles/cmTC_06ed4.dir/src.cxx.o -o cmTC_06ed4  -lm 


Source file was:
int main() { return 0; }
Performing C++ SOURCE FILE Test HAVE_CXX_FLAG_WD654 failed with the following output:
Change Dir: /Users/lijun/llvm/OLLVM-9.0.1/build/CMakeFiles/CMakeTmp

Run Build Command(s):/usr/bin/make -f Makefile cmTC_7b45d/fast && /Applications/Xcode.app/Contents/Developer/usr/bin/make  -f CMakeFiles/cmTC_7b45d.dir/build.make CMakeFiles/cmTC_7b45d.dir/build
Building CXX object CMakeFiles/cmTC_7b45d.dir/src.cxx.o
/Applications/Xcode.app/Contents/Developer/Toolchains/XcodeDefault.xctoolchain/usr/bin/c++ -DHAVE_CXX_FLAG_WD654  -fPIC -fvisibility-inlines-hidden -Werror=date-time -Werror=unguarded-availability-new -std=c++11 -Wall -Wextra -Wno-unused-parameter -Wwrite-strings -Wcast-qual -Wmissing-field-initializers -pedantic -Wno-long-long -Wimplicit-fallthrough -Wcovered-switch-default -Wno-noexcept-type -Wnon-virtual-dtor -Wdelete-non-virtual-dtor -Wstring-conversion  -std=c++11  -Wall  -Wextra  -Wshadow  -pedantic  -pedantic-errors  -Wshorten-64-to-32  -Wfloat-equal  -fstrict-aliasing  -fno-exceptions  -Wstrict-aliasing  -Werror=unguarded-availability-new -wd654 -isysroot /Applications/Xcode.app/Contents/Developer/Platforms/MacOSX.platform/Developer/SDKs/MacOSX12.3.sdk   -wd654 -MD -MT CMakeFiles/cmTC_7b45d.dir/src.cxx.o -MF CMakeFiles/cmTC_7b45d.dir/src.cxx.o.d -o CMakeFiles/cmTC_7b45d.dir/src.cxx.o -c /Users/lijun/llvm/OLLVM-9.0.1/build/CMakeFiles/CMakeTmp/src.cxx
clang: error: unknown argument: '-wd654'
clang: error: unknown argument: '-wd654'
make[1]: *** [CMakeFiles/cmTC_7b45d.dir/src.cxx.o] Error 1
make: *** [cmTC_7b45d/fast] Error 2


Source file was:
int main() { return 0; }
